[debug] [2023-01-31T14:50:30.946Z] ----------------------------------------------------------------------
[debug] [2023-01-31T14:50:30.955Z] Command:       C:\Program Files\nodejs\node.exe C:\Users\Miguel Suarez\AppData\Roaming\npm\node_modules\firebase-tools\lib\bin\firebase.js deploy
[debug] [2023-01-31T14:50:30.957Z] CLI Version:   11.21.0
[debug] [2023-01-31T14:50:30.957Z] Platform:      win32
[debug] [2023-01-31T14:50:30.957Z] Node Version:  v16.18.0
[debug] [2023-01-31T14:50:30.961Z] Time:          Tue Jan 31 2023 09:50:30 GMT-0500 (hora estándar de Colombia)
[debug] [2023-01-31T14:50:30.962Z] ----------------------------------------------------------------------
[debug] 
[debug] [2023-01-31T14:50:31.207Z] > command requires scopes: ["email","openid","https://www.googleapis.com/auth/cloudplatformprojects.readonly","https://www.googleapis.com/auth/firebase","https://www.googleapis.com/auth/cloud-platform"]
[debug] [2023-01-31T14:50:31.208Z] > authorizing via signed-in user (miguelangelsuarezplata480@gmail.com)
[debug] [2023-01-31T14:50:31.208Z] [iam] checking project primerproyecto-6e084 for permissions ["firebase.projects.get","firebasedatabase.instances.update","firebasehosting.sites.update"]
[debug] [2023-01-31T14:50:31.213Z] >>> [apiv2][query] POST https://cloudresourcemanager.googleapis.com/v1/projects/primerproyecto-6e084:testIamPermissions [none]
[debug] [2023-01-31T14:50:31.214Z] >>> [apiv2][(partial)header] POST https://cloudresourcemanager.googleapis.com/v1/projects/primerproyecto-6e084:testIamPermissions x-goog-quota-user=projects/primerproyecto-6e084
[debug] [2023-01-31T14:50:31.214Z] >>> [apiv2][body] POST https://cloudresourcemanager.googleapis.com/v1/projects/primerproyecto-6e084:testIamPermissions {"permissions":["firebase.projects.get","firebasedatabase.instances.update","firebasehosting.sites.update"]}
[debug] [2023-01-31T14:50:32.948Z] <<< [apiv2][status] POST https://cloudresourcemanager.googleapis.com/v1/projects/primerproyecto-6e084:testIamPermissions 200
[debug] [2023-01-31T14:50:32.948Z] <<< [apiv2][body] POST https://cloudresourcemanager.googleapis.com/v1/projects/primerproyecto-6e084:testIamPermissions {"permissions":["firebase.projects.get","firebasedatabase.instances.update","firebasehosting.sites.update"]}
[debug] [2023-01-31T14:50:32.950Z] >>> [apiv2][query] GET https://firebase.googleapis.com/v1beta1/projects/primerproyecto-6e084 [none]
[debug] [2023-01-31T14:50:33.676Z] <<< [apiv2][status] GET https://firebase.googleapis.com/v1beta1/projects/primerproyecto-6e084 200
[debug] [2023-01-31T14:50:33.677Z] <<< [apiv2][body] GET https://firebase.googleapis.com/v1beta1/projects/primerproyecto-6e084 {"projectId":"primerproyecto-6e084","projectNumber":"332008577541","displayName":"primerProyecto","name":"projects/primerproyecto-6e084","resources":{"hostingSite":"primerproyecto-6e084","realtimeDatabaseInstance":"primerproyecto-6e084-default-rtdb"},"state":"ACTIVE","etag":"1_d395dba3-3cdd-4a83-9f33-e80f605610e5"}
[debug] [2023-01-31T14:50:33.678Z] >>> [apiv2][query] GET https://firebase.googleapis.com/v1beta1/projects/primerproyecto-6e084 [none]
[debug] [2023-01-31T14:50:34.409Z] <<< [apiv2][status] GET https://firebase.googleapis.com/v1beta1/projects/primerproyecto-6e084 200
[debug] [2023-01-31T14:50:34.410Z] <<< [apiv2][body] GET https://firebase.googleapis.com/v1beta1/projects/primerproyecto-6e084 {"projectId":"primerproyecto-6e084","projectNumber":"332008577541","displayName":"primerProyecto","name":"projects/primerproyecto-6e084","resources":{"hostingSite":"primerproyecto-6e084","realtimeDatabaseInstance":"primerproyecto-6e084-default-rtdb"},"state":"ACTIVE","etag":"1_d395dba3-3cdd-4a83-9f33-e80f605610e5"}
[info] 
[info] === Deploying to 'primerproyecto-6e084'...
[info] 
[info] i  deploying database, hosting 
[info] i  database: checking rules syntax... 
[debug] [2023-01-31T14:50:34.451Z] >>> [apiv2][query] GET https://firebasedatabase.googleapis.com/v1beta/projects/primerproyecto-6e084/locations/-/instances/primerproyecto-6e084-default-rtdb [none]
[debug] [2023-01-31T14:50:35.297Z] <<< [apiv2][status] GET https://firebasedatabase.googleapis.com/v1beta/projects/primerproyecto-6e084/locations/-/instances/primerproyecto-6e084-default-rtdb 200
[debug] [2023-01-31T14:50:35.299Z] <<< [apiv2][body] GET https://firebasedatabase.googleapis.com/v1beta/projects/primerproyecto-6e084/locations/-/instances/primerproyecto-6e084-default-rtdb {"name":"projects/332008577541/locations/us-central1/instances/primerproyecto-6e084-default-rtdb","project":"projects/332008577541","databaseUrl":"https://primerproyecto-6e084-default-rtdb.firebaseio.com","type":"DEFAULT_DATABASE","state":"ACTIVE"}
[debug] [2023-01-31T14:50:35.310Z] >>> [apiv2][query] PUT https://primerproyecto-6e084-default-rtdb.firebaseio.com/.settings/rules.json dryRun=true
[debug] [2023-01-31T14:50:35.311Z] >>> [apiv2][body] PUT https://primerproyecto-6e084-default-rtdb.firebaseio.com/.settings/rules.json "{\n  \"rules\": {\n    \".read\": \"auth!=null\",  \n    \".write\": \"auth!=null\"\n  }\n}"
[debug] [2023-01-31T14:50:35.929Z] <<< [apiv2][status] PUT https://primerproyecto-6e084-default-rtdb.firebaseio.com/.settings/rules.json 200
[debug] [2023-01-31T14:50:35.930Z] <<< [apiv2][body] PUT https://primerproyecto-6e084-default-rtdb.firebaseio.com/.settings/rules.json {"status":"ok"}
[info] +  database: rules syntax for database primerproyecto-6e084-default-rtdb is valid 
[debug] [2023-01-31T14:50:35.946Z] >>> [apiv2][query] POST https://firebasehosting.googleapis.com/v1beta1/projects/-/sites/primerproyecto-6e084/versions [none]
[debug] [2023-01-31T14:50:35.946Z] >>> [apiv2][body] POST https://firebasehosting.googleapis.com/v1beta1/projects/-/sites/primerproyecto-6e084/versions {"status":"CREATED","labels":{"deployment-tool":"cli-firebase"}}
[debug] [2023-01-31T14:50:37.828Z] <<< [apiv2][status] POST https://firebasehosting.googleapis.com/v1beta1/projects/-/sites/primerproyecto-6e084/versions 200
[debug] [2023-01-31T14:50:37.829Z] <<< [apiv2][body] POST https://firebasehosting.googleapis.com/v1beta1/projects/-/sites/primerproyecto-6e084/versions {"name":"projects/332008577541/sites/primerproyecto-6e084/versions/cf0d0afc715ac705","status":"CREATED","config":{},"labels":{"deployment-tool":"cli-firebase"}}
[info] i  hosting[primerproyecto-6e084]: beginning deploy... 
[info] i  hosting[primerproyecto-6e084]: found 8 files in dist/practica-cards-angular 
[debug] [2023-01-31T14:50:37.883Z] [hosting] uploading with 200 concurrency
[debug] [2023-01-31T14:50:37.890Z] [hosting] hash cache [ZGlzdFxwcmFjdGljYS1jYXJkcy1hbmd1bGFy] not populated
[debug] [2023-01-31T14:50:38.327Z] [hosting] hash cache [ZGlzdFxwcmFjdGljYS1jYXJkcy1hbmd1bGFy] stored for 8 files
[debug] [2023-01-31T14:50:38.327Z] [hosting][hash queue][FINAL] {"max":393,"min":99,"avg":162.25,"active":0,"complete":8,"success":8,"errored":0,"retried":0,"total":8,"elapsed":426}
[debug] [2023-01-31T14:50:38.328Z] >>> [apiv2][query] POST https://firebasehosting.googleapis.com/v1beta1/projects/332008577541/sites/primerproyecto-6e084/versions/cf0d0afc715ac705:populateFiles [none]
[debug] [2023-01-31T14:50:38.328Z] >>> [apiv2][body] POST https://firebasehosting.googleapis.com/v1beta1/projects/332008577541/sites/primerproyecto-6e084/versions/cf0d0afc715ac705:populateFiles {"files":{"/favicon.ico":"2c19690e9587bae12f419b34d2edeecc76808099540a9c9f4ea6194116cfc8f7","/index.html":"a0dbdaafb1edcb1fe5c525152ab94a449bc4e0424dda78cfc983c31bb97533f9","/3rdpartylicenses.txt":"09503041785d205ab9d1c5dbb2449dd13fa2723544cea2e129209815c28a823c","/runtime.bf3655ced9aedd1d.js":"32c7229c0e0b6565916a56e4fd87d8704df315f14f40ca6e9c023d1e2753cbd0","/polyfills.107dd8aeb7c38e22.js":"652559eccaa8e5f733e298be75f8ad53026829faf14999394438a4fd43c4d744","/scripts.c91eedceb4883133.js":"7aafdb0695fa7e1f431ced35ebd10c0e29768154f97439700d3784db520b6070","/styles.9c36b9530393e161.css":"30e4735c71aa8f07de756c41852d11536e581518ca962ff2cb8d78c1c2b5d8fc","/main.d45e948e4cfc7b82.js":"d6dbf99e8230dd7769f76f8335921b3f83844bd394dab576ac58f4b22dfc24ec"}}
